2015-06-15 09:26:55 INFO  managerPage: Initialization of Chrome Explorer driver.
2015-06-15 09:27:05 INFO  ReportNGListener: Start Of Execution(TEST)-> RoomManager
2015-06-15 09:27:05 INFO  ReportNGListener: Test Started-> ResourceWithoutNameIsAdded
2015-06-15 09:27:20 INFO  test02CreateResource: Begin the Test: Resource
2015-06-15 09:27:25 INFO  ReportNGListener: Test Passed-> ResourceWithoutNameIsAdded
2015-06-15 09:27:25 INFO  ReportNGListener: Test Started-> CreateResource
2015-06-15 09:27:25 INFO  test02CreateResource: Begin the Test: Resource
2015-06-15 09:27:25 ERROR ReportNGListener: Test Failed-> CreateResource
2015-06-15 09:27:26 INFO  ReportNGListener: END Of Execution(TEST)-> RoomManager
2015-06-15 09:27:33 INFO  managerPage: Initialization of Chrome Explorer driver.
2015-06-15 09:27:56 INFO  test02CreateResource: Begin the Test: Resource
2015-06-15 09:29:58 INFO  managerPage: Initialization of Chrome Explorer driver.
2015-06-15 09:30:01 INFO  ReportNGListener: Start Of Execution(TEST)-> RoomManager
2015-06-15 09:30:01 INFO  ReportNGListener: Test Started-> ResourceWithoutNameIsAdded
2015-06-15 09:30:05 INFO  test02CreateResource: Begin the Test: Resource
2015-06-15 09:30:09 INFO  ReportNGListener: Test Passed-> ResourceWithoutNameIsAdded
2015-06-15 09:30:09 INFO  ReportNGListener: Test Started-> CreateResource
2015-06-15 09:30:09 INFO  test02CreateResource: Begin the Test: Resource
2015-06-15 09:30:10 ERROR ReportNGListener: Test Failed-> CreateResource
2015-06-15 09:30:10 INFO  ReportNGListener: END Of Execution(TEST)-> RoomManager
2015-06-15 09:31:17 INFO  managerPage: Initialization of Chrome Explorer driver.
2015-06-15 09:31:30 INFO  test02CreateResource: Begin the Test: Resource
2015-06-15 09:33:36 INFO  managerPage: Initialization of Chrome Explorer driver.
2015-06-15 09:33:40 INFO  ReportNGListener: Start Of Execution(TEST)-> RoomManager
2015-06-15 09:33:40 INFO  ReportNGListener: Test Started-> ResourceWithoutNameIsAdded
2015-06-15 09:33:43 INFO  test02CreateResource: Begin the Test: Resource
2015-06-15 09:33:47 INFO  ReportNGListener: Test Passed-> ResourceWithoutNameIsAdded
2015-06-15 09:33:47 INFO  ReportNGListener: Test Started-> CreateResource
2015-06-15 09:33:47 INFO  test02CreateResource: Begin the Test: Resource
2015-06-15 09:33:47 ERROR ReportNGListener: Test Failed-> CreateResource
2015-06-15 09:33:47 INFO  ReportNGListener: END Of Execution(TEST)-> RoomManager
2015-06-15 09:34:45 INFO  managerPage: Initialization of Chrome Explorer driver.
2015-06-15 09:34:56 INFO  ReportNGListener: Start Of Execution(TEST)-> RoomManager
2015-06-15 09:34:56 INFO  ReportNGListener: Test Started-> ResourceWithoutNameIsAdded
2015-06-15 09:35:00 INFO  test02CreateResource: Begin the Test: Resource
2015-06-15 09:35:04 INFO  ReportNGListener: Test Passed-> ResourceWithoutNameIsAdded
2015-06-15 09:35:04 INFO  ReportNGListener: Test Started-> CreateResource
2015-06-15 09:35:05 INFO  test02CreateResource: Begin the Test: Resource
2015-06-15 09:35:05 ERROR ReportNGListener: Test Failed-> CreateResource
2015-06-15 09:35:05 INFO  ReportNGListener: END Of Execution(TEST)-> RoomManager
2015-06-15 09:47:14 INFO  ReportNGListener: Start Of Execution(TEST)-> RoomManager
2015-06-15 09:47:14 INFO  ReportNGListener: Test Started-> ResourceWithoutNameIsAdded
2015-06-15 09:47:25 INFO  test02CreateResource: Begin the Test: Resource
2015-06-15 09:47:30 INFO  ReportNGListener: Test Passed-> ResourceWithoutNameIsAdded
2015-06-15 09:47:30 INFO  ReportNGListener: Test Started-> CreateResource
2015-06-15 09:47:30 INFO  test02CreateResource: Begin the Test: Resource
2015-06-15 09:47:32 INFO  test02CreateResource: Resources: press button add
2015-06-15 09:47:34 INFO  test02CreateResource: press the button save
2015-06-15 09:47:34 INFO  test02CreateResource: verification the datas enter.
2015-06-15 09:47:34 ERROR ReportNGListener: Test Failed-> CreateResource
2015-06-15 09:47:34 INFO  ReportNGListener: END Of Execution(TEST)-> RoomManager
